<?xml version="1.0" encoding="UTF-8"?>
<!-- Generated by org.testng.reporters.JUnitXMLReporter -->
<testsuite hostname="VAIO" ignored="4" name="FirefoxTest" tests="2" failures="0" timestamp="10 Feb 2017 11:42:43 GMT" time="45.625" errors="0">
  <testcase name="testLoginLogout" time="14.294" classname="com.hrm.scripts.VerifyLoginLogout"/>
  <testcase name="testHomeAddDeleteEmployee" time="2.279" classname="com.hrm.scripts.HomePage_PIM_AddEmployee"/>
  <testcase name="@BeforeTest initBrowser" time="0.0" classname="com.hrm.common.BaseTest">
    <ignored/>
  </testcase> <!-- @BeforeTest initBrowser -->
  <testcase name="@BeforeSuite initFrameWork" time="0.0" classname="com.hrm.common.BaseTest">
    <ignored/>
  </testcase> <!-- @BeforeSuite initFrameWork -->
  <testcase name="@AfterTest closeBrowser" time="0.0" classname="com.hrm.common.BaseTest">
    <ignored/>
  </testcase> <!-- @AfterTest closeBrowser -->
  <testcase name="@AfterSuite closeFrameWork" time="0.0" classname="com.hrm.common.BaseTest">
    <ignored/>
  </testcase> <!-- @AfterSuite closeFrameWork -->
</testsuite> <!-- FirefoxTest -->
