<?xml version="1.0" encoding="UTF-8"?>
<testsuite xmlns:xsi="http://www.w3.org/2001/XMLSchema-instance" xsi:schemaLocation="https://maven.apache.org/surefire/maven-surefire-plugin/xsd/surefire-test-report.xsd" name="TestSuite" time="48.542" tests="2" errors="0" skipped="0" failures="0">
  <properties>
[...]
</properties>
  <testcase name="testLoginLogout" classname="com.hrm.scripts.VerifyLoginLogout" time="14.289"/>
  <testcase name="testHomeAddDeleteEmployee" classname="com.hrm.scripts.HomePage_PIM_AddEmployee" time="2.284"/>
</testsuite>